HTTP Error 404: {"quoteSummary":{"result":null,"error":{"code":"Not Found","description":"Quote not found for symbol: FI"}}}
$FI: possibly delisted; no price data found  (period=14mo) (Yahoo error = "No data found, symbol may be delisted")

1 Failed download:
['FI']: possibly delisted; no price data found  (period=14mo) (Yahoo error = "No data found, symbol may be delisted")
$MMC: possibly delisted; no price data found  (period=14mo) (Yahoo error = "No data found, symbol may be delisted")

1 Failed download:
['MMC']: possibly delisted; no price data found  (period=14mo) (Yahoo error = "No data found, symbol may be delisted")
Loading universe…
  517 tickers in starting universe
Fetching SPY benchmark…
Fetching ticker history…
  Downloading 1-50 of 517...
  Downloading 51-100 of 517...
  Downloading 101-150 of 517...
  Downloading 151-200 of 517...
  Downloading 201-250 of 517...
  Downloading 251-300 of 517...
  Downloading 301-350 of 517...
  Downloading 351-400 of 517...
  Downloading 401-450 of 517...
  Downloading 451-500 of 517...
  Downloading 501-517 of 517...
  Got history for 515 / 517 tickers
  Filtered to top 500 by 30D dollar volume
Running screener…
  Market regime: Risk On  |  Suggested exposure: 80% - 100%
  500 tickers scored
  Top action picks: 3 ACTION BUY, 0 STARTERS, 11 BUYABLE WATCH
[triggers] squeeze_on: 69 | squeeze_fire: 4 | macd_bull_cross: 74 | rsi_bull_divergence: 46 | vol_surge: 7
Fetching sector ETFs…
  Downloading 1-11 of 11...
  Sector leader: XLK (Technology)  3M=+32.1%
Rendering dashboard → _site/dashboard.html
Raw results → _site/dashboard.csv
[notify] state.enc updated
=== screener exit code: 0 ===
